Línea 28: la clase CATControls.CATTextBox del control txtVal_InicialSoles no era una clase de control cargada.
Línea 58: la clase CATControls.CATTextBox del control txtVal_InicialDolar no era una clase de control cargada.
Línea 161: la clase CATControls.CATTextBox del control txtVal_SaldoSoles no era una clase de control cargada.
Línea 191: la clase CATControls.CATTextBox del control txtVal_SaldoDolares no era una clase de control cargada.
Línea 268: la clase CATControls.CATTextBox del control txtVal_IngresosSoles no era una clase de control cargada.
Línea 298: la clase CATControls.CATTextBox del control txtVal_IngresosDolares no era una clase de control cargada.
Línea 375: la clase CATControls.CATTextBox del control txtVal_EgresosSoles no era una clase de control cargada.
Línea 405: la clase CATControls.CATTextBox del control txtVal_EgresosDolares no era una clase de control cargada.
Línea 483: la clase CATControls.CATTextBox del control txtVal_BoletasDolares no era una clase de control cargada.
Línea 513: la clase CATControls.CATTextBox del control txtVal_BoletasSoles no era una clase de control cargada.
Línea 543: la clase CATControls.CATTextBox del control txtVal_FacturasDolares no era una clase de control cargada.
Línea 573: la clase CATControls.CATTextBox del control txtVal_FacturasSoles no era una clase de control cargada.
Línea 603: la clase CATControls.CATTextBox del control txtVal_TotalDolares no era una clase de control cargada.
Línea 633: la clase CATControls.CATTextBox del control txtVal_TotalSoles no era una clase de control cargada.
Línea 663: la clase CATControls.CATTextBox del control txtVal_TicketDolares no era una clase de control cargada.
Línea 693: la clase CATControls.CATTextBox del control txtVal_TicketSoles no era una clase de control cargada.
Línea 838: la clase CATControls.CATTextBox del control txtCod_Caja no era una clase de control cargada.
Línea 864: la clase CATControls.CATTextBox del control txtGls_Caja no era una clase de control cargada.
Línea 888: la clase MSComCtl2.DTPicker del control dtpFecha no era una clase de control cargada.
Línea 934: la clase CATControls.CATTextBox del control txtVal_EfectivoSoles no era una clase de control cargada.
Línea 964: la clase CATControls.CATTextBox del control txtVal_EfectivoDolares no era una clase de control cargada.
Línea 994: la clase CATControls.CATTextBox del control txtVal_TarjetaSoles no era una clase de control cargada.
Línea 1024: la clase CATControls.CATTextBox del control txtVal_TarjetaDolares no era una clase de control cargada.
Línea 1054: la clase CATControls.CATTextBox del control txtVal_CreditoSoles no era una clase de control cargada.
Línea 1084: la clase CATControls.CATTextBox del control txtVal_CreditoDolares no era una clase de control cargada.
