Línea 352: la clase CATControls.CATTextBox del control txtCod_Nivel no era una clase de control cargada.
Línea 381: la clase CATControls.CATTextBox del control txtGls_Nivel no era una clase de control cargada.
Línea 407: la clase CATControls.CATTextBox del control txtCod_Nivel no era una clase de control cargada.
Línea 436: la clase CATControls.CATTextBox del control txtGls_Nivel no era una clase de control cargada.
Línea 462: la clase CATControls.CATTextBox del control txtCod_Nivel no era una clase de control cargada.
Línea 491: la clase CATControls.CATTextBox del control txtGls_Nivel no era una clase de control cargada.
Línea 517: la clase CATControls.CATTextBox del control txtCod_Nivel no era una clase de control cargada.
Línea 546: la clase CATControls.CATTextBox del control txtGls_Nivel no era una clase de control cargada.
Línea 572: la clase CATControls.CATTextBox del control txtCod_Nivel no era una clase de control cargada.
Línea 601: la clase CATControls.CATTextBox del control txtGls_Nivel no era una clase de control cargada.
Línea 699: la clase MSComCtl2.DTPicker del control dtpfInicio no era una clase de control cargada.
Línea 720: la clase MSComCtl2.DTPicker del control dtpFFinal no era una clase de control cargada.
Línea 764: la clase CATControls.CATTextBox del control txtCod_Sucursal no era una clase de control cargada.
Línea 792: la clase CATControls.CATTextBox del control txtGls_Sucursal no era una clase de control cargada.
Línea 817: la clase CATControls.CATTextBox del control txtCod_Producto no era una clase de control cargada.
Línea 845: la clase CATControls.CATTextBox del control txtGls_Producto no era una clase de control cargada.
Línea 870: la clase CATControls.CATTextBox del control txtCod_Vendedor no era una clase de control cargada.
Línea 898: la clase CATControls.CATTextBox del control txtGls_Vendedor no era una clase de control cargada.
Línea 926: la clase CATControls.CATTextBox del control txtCod_Moneda no era una clase de control cargada.
Línea 953: la clase CATControls.CATTextBox del control txtGls_Moneda no era una clase de control cargada.
Línea 978: la clase CATControls.CATTextBox del control txtCod_Cliente no era una clase de control cargada.
Línea 1005: la clase CATControls.CATTextBox del control txtGls_Cliente no era una clase de control cargada.
Línea 1030: la clase CATControls.CATTextBox del control txtCod_Zona no era una clase de control cargada.
Línea 1057: la clase CATControls.CATTextBox del control txtGls_Zona no era una clase de control cargada.
