Línea 85: la clase CATControls.CATTextBox del control txtCod_Nivel no era una clase de control cargada.
Línea 114: la clase CATControls.CATTextBox del control txtGls_Nivel no era una clase de control cargada.
Línea 140: la clase CATControls.CATTextBox del control txtCod_Nivel no era una clase de control cargada.
Línea 169: la clase CATControls.CATTextBox del control txtGls_Nivel no era una clase de control cargada.
Línea 195: la clase CATControls.CATTextBox del control txtCod_Nivel no era una clase de control cargada.
Línea 224: la clase CATControls.CATTextBox del control txtGls_Nivel no era una clase de control cargada.
Línea 250: la clase CATControls.CATTextBox del control txtCod_Nivel no era una clase de control cargada.
Línea 279: la clase CATControls.CATTextBox del control txtGls_Nivel no era una clase de control cargada.
Línea 305: la clase CATControls.CATTextBox del control txtCod_Nivel no era una clase de control cargada.
Línea 334: la clase CATControls.CATTextBox del control txtGls_Nivel no era una clase de control cargada.
Línea 448: la clase CATControls.CATTextBox del control txtCosto no era una clase de control cargada.
Línea 477: la clase CATControls.CATTextBox del control txtFactor_Costo no era una clase de control cargada.
Línea 506: la clase CATControls.CATTextBox del control txtFactor2_Costo no era una clase de control cargada.
Línea 599: la clase CATControls.CATTextBox del control txtCod_Producto no era una clase de control cargada.
Línea 626: la clase CATControls.CATTextBox del control txtGls_Producto no era una clase de control cargada.
Línea 651: la clase CATControls.CATTextBox del control txtCod_UMVenta no era una clase de control cargada.
Línea 678: la clase CATControls.CATTextBox del control txtGls_UMVenta no era una clase de control cargada.
Línea 703: la clase CATControls.CATTextBox del control txt_Factor no era una clase de control cargada.
Línea 734: la clase CATControls.CATTextBox del control txtVal_VV no era una clase de control cargada.
Línea 763: la clase CATControls.CATTextBox del control txtVal_IGV no era una clase de control cargada.
Línea 793: la clase CATControls.CATTextBox del control txtVal_PV no era una clase de control cargada.
Línea 822: la clase CATControls.CATTextBox del control txtCod_UMCompra no era una clase de control cargada.
Línea 850: la clase CATControls.CATTextBox del control txtGls_UMCompra no era una clase de control cargada.
Línea 875: la clase CATControls.CATTextBox del control TxtDctoListaPrec no era una clase de control cargada.
Línea 994: la clase CATControls.CATTextBox del control txtCod_Lista no era una clase de control cargada.
Línea 1022: la clase CATControls.CATTextBox del control txtGls_Lista no era una clase de control cargada.
Línea 1059: la clase MSComctlLib.ImageList del control imgDocVentas no era una clase de control cargada.
Línea 1121: la clase MSComctlLib.Toolbar del control Toolbar1 no era una clase de control cargada.
