Línea 38: la clase CATControls.CATTextBox del control txtCod_Cliente no era una clase de control cargada.
Línea 65: la clase CATControls.CATTextBox del control txtGls_Cliente no era una clase de control cargada.
Línea 93: la clase CATControls.CATTextBox del control txtdir no era una clase de control cargada.
Línea 120: la clase CATControls.CATTextBox del control txtruc no era una clase de control cargada.
Línea 215: la clase CATControls.CATTextBox del control txtCod_Chofer no era una clase de control cargada.
Línea 243: la clase CATControls.CATTextBox del control txtGls_Chofer no era una clase de control cargada.
Línea 335: la clase CATControls.CATTextBox del control txtCod_Vendedor no era una clase de control cargada.
Línea 362: la clase CATControls.CATTextBox del control txtGls_Vendedor no era una clase de control cargada.
Línea 420: la clase CATControls.CATTextBox del control txtCod_Documento no era una clase de control cargada.
Línea 447: la clase CATControls.CATTextBox del control txtGls_Documento no era una clase de control cargada.
Línea 502: la clase CATControls.CATTextBox del control txtCod_Usuario no era una clase de control cargada.
Línea 529: la clase CATControls.CATTextBox del control txtGls_Usuario no era una clase de control cargada.
Línea 584: la clase CATControls.CATTextBox del control txtCod_Caja no era una clase de control cargada.
Línea 611: la clase CATControls.CATTextBox del control txtGls_Caja no era una clase de control cargada.
Línea 674: la clase CATControls.CATTextBox del control txtCod_Empresa no era una clase de control cargada.
Línea 701: la clase CATControls.CATTextBox del control txtGls_Empresa no era una clase de control cargada.
Línea 766: la clase CATControls.CATTextBox del control txtCod_MonedaGrupo no era una clase de control cargada.
Línea 793: la clase CATControls.CATTextBox del control txtGls_MonedaGrupo no era una clase de control cargada.
Línea 890: la clase CATControls.CATTextBox del control txtCod_Nivel no era una clase de control cargada.
Línea 919: la clase CATControls.CATTextBox del control txtGls_Nivel no era una clase de control cargada.
Línea 945: la clase CATControls.CATTextBox del control txtCod_Nivel no era una clase de control cargada.
Línea 974: la clase CATControls.CATTextBox del control txtGls_Nivel no era una clase de control cargada.
Línea 1000: la clase CATControls.CATTextBox del control txtCod_Nivel no era una clase de control cargada.
Línea 1029: la clase CATControls.CATTextBox del control txtGls_Nivel no era una clase de control cargada.
Línea 1055: la clase CATControls.CATTextBox del control txtCod_Nivel no era una clase de control cargada.
Línea 1084: la clase CATControls.CATTextBox del control txtGls_Nivel no era una clase de control cargada.
Línea 1110: la clase CATControls.CATTextBox del control txtCod_Nivel no era una clase de control cargada.
Línea 1139: la clase CATControls.CATTextBox del control txtGls_Nivel no era una clase de control cargada.
Línea 1249: la clase CATControls.CATTextBox del control txtCod_Moneda no era una clase de control cargada.
Línea 1276: la clase CATControls.CATTextBox del control txtGls_Moneda no era una clase de control cargada.
Línea 1331: la clase CATControls.CATTextBox del control txtCod_Sucursal no era una clase de control cargada.
Línea 1358: la clase CATControls.CATTextBox del control txtGls_Sucursal no era una clase de control cargada.
Línea 1405: la clase MSComCtl2.DTPicker del control dtpFecha no era una clase de control cargada.
Línea 1474: la clase CATControls.CATTextBox del control txtCod_Producto no era una clase de control cargada.
Línea 1501: la clase CATControls.CATTextBox del control txtGls_Producto no era una clase de control cargada.
Línea 1548: la clase MSComCtl2.DTPicker del control dtpfInicio no era una clase de control cargada.
Línea 1560: la clase MSComCtl2.DTPicker del control dtpFFinal no era una clase de control cargada.
Línea 1614: la clase CATControls.CATTextBox del control txtCod_Almacen no era una clase de control cargada.
Línea 1641: la clase CATControls.CATTextBox del control txtGls_Almacen no era una clase de control cargada.
Línea 1677: la clase CATControls.CATTextBox del control txtCodtienda no era una clase de control cargada.
