Línea 38: la clase CATControls.CATTextBox del control txt_DecimalesVales no era una clase de control cargada.
Línea 112: la clase CATControls.CATTextBox del control txtIGV no era una clase de control cargada.
Línea 140: la clase CATControls.CATTextBox del control txtValidaStock no era una clase de control cargada.
Línea 168: la clase CATControls.CATTextBox del control CATTextBox1 no era una clase de control cargada.
Línea 195: la clase CATControls.CATTextBox del control txtCod_System no era una clase de control cargada.
Línea 222: la clase CATControls.CATTextBox del control txtGls_System no era una clase de control cargada.
Línea 247: la clase CATControls.CATTextBox del control txtRuta no era una clase de control cargada.
Línea 432: la clase CATControls.CATTextBox del control txtCod_Almacen no era una clase de control cargada.
Línea 459: la clase CATControls.CATTextBox del control txtGls_Almacen no era una clase de control cargada.
Línea 484: la clase CATControls.CATTextBox del control txtCod_Moneda no era una clase de control cargada.
Línea 511: la clase CATControls.CATTextBox del control txtGls_Moneda no era una clase de control cargada.
Línea 536: la clase CATControls.CATTextBox del control txtCod_Lista no era una clase de control cargada.
Línea 563: la clase CATControls.CATTextBox del control txtGls_Lista no era una clase de control cargada.
Línea 588: la clase CATControls.CATTextBox del control txt_DecimalesCaja no era una clase de control cargada.
Línea 615: la clase CATControls.CATTextBox del control txtCod_Cliente no era una clase de control cargada.
Línea 642: la clase CATControls.CATTextBox del control txtGls_Cliente no era una clase de control cargada.
Línea 668: la clase CATControls.CATTextBox del control txtCod_FormaPago no era una clase de control cargada.
Línea 695: la clase CATControls.CATTextBox del control txtGls_FormaPago no era una clase de control cargada.
Línea 721: la clase CATControls.CATTextBox del control txt_SoloGuiaMueveStock no era una clase de control cargada.
Línea 749: la clase CATControls.CATTextBox del control txt_RecepAuto no era una clase de control cargada.
Línea 777: la clase CATControls.CATTextBox del control txt_DecimalesPrecio no era una clase de control cargada.
Línea 804: la clase CATControls.CATTextBox del control txt_DctoMinValidacion no era una clase de control cargada.
Línea 831: la clase CATControls.CATTextBox del control txt_ModVendCampo no era una clase de control cargada.
Línea 1080: la clase MSComctlLib.ImageList del control imgDocVentas no era una clase de control cargada.
Línea 1142: la clase MSComctlLib.Toolbar del control Toolbar1 no era una clase de control cargada.
