Línea 138: la clase DXDBGRIDLibCtl.dxDBGrid del control gDetalle no era una clase de control cargada.
Línea 171: la clase CATControls.CATTextBox del control txt_TotalDsctoVV no era una clase de control cargada.
Línea 201: la clase CATControls.CATTextBox del control txt_TotalDsctoPV no era una clase de control cargada.
Línea 231: la clase CATControls.CATTextBox del control txt_TotalBruto no era una clase de control cargada.
Línea 262: la clase CATControls.CATTextBox del control txt_TotalIGV no era una clase de control cargada.
Línea 293: la clase CATControls.CATTextBox del control txt_TotalNeto no era una clase de control cargada.
Línea 325: la clase CATControls.CATTextBox del control txt_MontoLetras no era una clase de control cargada.
Línea 355: la clase CATControls.CATTextBox del control txt_SimboloMonBruto no era una clase de control cargada.
Línea 385: la clase CATControls.CATTextBox del control txt_DocReferencia no era una clase de control cargada.
Línea 415: la clase CATControls.CATTextBox del control txt_SimboloMonIGV no era una clase de control cargada.
Línea 445: la clase CATControls.CATTextBox del control txt_SimboloMonNeto no era una clase de control cargada.
Línea 475: la clase CATControls.CATTextBox del control txt_TotalExonerado no era una clase de control cargada.
Línea 505: la clase CATControls.CATTextBox del control txt_TotalBaseImponible no era una clase de control cargada.
Línea 535: la clase CATControls.CATTextBox del control TxtTotalIvap no era una clase de control cargada.
Línea 566: la clase CATControls.CATTextBox del control TxtTotalDescuento no era una clase de control cargada.
Línea 803: la clase CATControls.CATTextBox del control TxtCodDir_Recojo no era una clase de control cargada.
Línea 831: la clase CATControls.CATTextBox del control TxtGlsDir_Recojo no era una clase de control cargada.
Línea 895: la clase CATControls.CATTextBox del control TxtIdCentroCostoCliente no era una clase de control cargada.
Línea 922: la clase CATControls.CATTextBox del control TxtGlsCentroCostoCliente no era una clase de control cargada.
Línea 977: la clase CATControls.CATTextBox del control TxtDescuentoGlobal no era una clase de control cargada.
Línea 1007: la clase CATControls.CATTextBox del control TxtTotalDescuentolobalGrabado no era una clase de control cargada.
Línea 1038: la clase CATControls.CATTextBox del control TxtTotalPorcentajeDescuentoGlobal no era una clase de control cargada.
Línea 1069: la clase CATControls.CATTextBox del control TxtTotalDescuentolobalExonerado no era una clase de control cargada.
Línea 1100: la clase CATControls.CATTextBox del control TxtTipoDescuentoGlobal no era una clase de control cargada.
Línea 1175: la clase CATControls.CATTextBox del control txtGls_AlmacenDestino no era una clase de control cargada.
Línea 1202: la clase CATControls.CATTextBox del control txtCod_AlmacenDestino no era una clase de control cargada.
Línea 1230: la clase CATControls.CATTextBox del control txtGls_SucursalDestino no era una clase de control cargada.
Línea 1257: la clase CATControls.CATTextBox del control txtCod_SucursalDestino no era una clase de control cargada.
Línea 1357: la clase CATControls.CATTextBox del control txtCod_contacto no era una clase de control cargada.
Línea 1386: la clase CATControls.CATTextBox del control txt_contacto no era una clase de control cargada.
Línea 1488: la clase CATControls.CATTextBox del control txtVal_Camision no era una clase de control cargada.
Línea 1520: la clase CATControls.CATTextBox del control txt_Partida2 no era una clase de control cargada.
Línea 1549: la clase CATControls.CATTextBox del control txt_Llegada2 no era una clase de control cargada.
Línea 1597: la clase CATControls.CATTextBox del control txtCod_TipoTicket no era una clase de control cargada.
Línea 1626: la clase CATControls.CATTextBox del control txtGls_TipoTicket no era una clase de control cargada.
Línea 1690: la clase CATControls.CATTextBox del control txtCod_CentroCosto no era una clase de control cargada.
Línea 1718: la clase CATControls.CATTextBox del control txtGls_CentroCosto no era una clase de control cargada.
Línea 1745: la clase MSComCtl2.DTPicker del control dtp_IniTraslado no era una clase de control cargada.
Línea 1787: la clase CATControls.CATTextBox del control txtCod_MotivoNCD no era una clase de control cargada.
Línea 1816: la clase CATControls.CATTextBox del control txtGls_MotivoNCD no era una clase de control cargada.
Línea 1938: la clase CATControls.CATTextBox del control txtCod_Cliente no era una clase de control cargada.
Línea 1966: la clase CATControls.CATTextBox del control txt_NumDoc no era una clase de control cargada.
Línea 2070: la clase MSComCtl2.DTPicker del control dtp_Emision no era una clase de control cargada.
Línea 2093: la clase MSComctlLib.ImageList del control imgDocVentas no era una clase de control cargada.
Línea 2171: la clase CATControls.CATTextBox del control txt_Serie no era una clase de control cargada.
Línea 2199: la clase CATControls.CATTextBox del control txtGls_Cliente no era una clase de control cargada.
Línea 2228: la clase CATControls.CATTextBox del control txtCod_Chofer no era una clase de control cargada.
Línea 2257: la clase CATControls.CATTextBox del control txtGls_Chofer no era una clase de control cargada.
Línea 2284: la clase CATControls.CATTextBox del control txtCod_EmpTrans no era una clase de control cargada.
Línea 2313: la clase CATControls.CATTextBox del control txtGls_EmpTrans no era una clase de control cargada.
Línea 2340: la clase CATControls.CATTextBox del control txtCod_Vehiculo no era una clase de control cargada.
Línea 2369: la clase CATControls.CATTextBox del control txtGls_Vehiculo no era una clase de control cargada.
Línea 2396: la clase CATControls.CATTextBox del control txtCod_Almacen no era una clase de control cargada.
Línea 2424: la clase CATControls.CATTextBox del control txtGls_Almacen no era una clase de control cargada.
Línea 2450: la clase CATControls.CATTextBox del control txtCod_Vendedor no era una clase de control cargada.
Línea 2478: la clase CATControls.CATTextBox del control txtGls_Vendedor no era una clase de control cargada.
Línea 2505: la clase CATControls.CATTextBox del control txtCod_Moneda no era una clase de control cargada.
Línea 2533: la clase CATControls.CATTextBox del control txtGls_Moneda no era una clase de control cargada.
Línea 2560: la clase CATControls.CATTextBox del control txt_RUC no era una clase de control cargada.
Línea 2588: la clase CATControls.CATTextBox del control txt_Direccion no era una clase de control cargada.
Línea 2616: la clase CATControls.CATTextBox del control txt_Partida no era una clase de control cargada.
Línea 2644: la clase CATControls.CATTextBox del control txt_Llegada no era una clase de control cargada.
Línea 2672: la clase CATControls.CATTextBox del control txt_Brevete no era una clase de control cargada.
Línea 2701: la clase CATControls.CATTextBox del control txt_Placa no era una clase de control cargada.
Línea 2730: la clase CATControls.CATTextBox del control txt_Bultos no era una clase de control cargada.
Línea 2759: la clase CATControls.CATTextBox del control txt_TipoCambio no era una clase de control cargada.
Línea 2788: la clase CATControls.CATTextBox del control txt_Marca no era una clase de control cargada.
Línea 2817: la clase CATControls.CATTextBox del control txt_Modelo no era una clase de control cargada.
Línea 2845: la clase CATControls.CATTextBox del control txt_Color no era una clase de control cargada.
Línea 2873: la clase CATControls.CATTextBox del control txt_CodInscripcion no era una clase de control cargada.
Línea 2902: la clase CATControls.CATTextBox del control txtCod_Lista no era una clase de control cargada.
Línea 2930: la clase CATControls.CATTextBox del control txtGls_Lista no era una clase de control cargada.
Línea 2956: la clase CATControls.CATTextBox del control txtCod_MotivoTraslado no era una clase de control cargada.
Línea 2985: la clase CATControls.CATTextBox del control txtGls_MotivoTraslado no era una clase de control cargada.
Línea 3011: la clase DXDBGRIDLibCtl.dxDBGrid del control gDocReferencia no era una clase de control cargada.
Línea 3020: la clase CATControls.CATTextBox del control txt_RUCEmp no era una clase de control cargada.
Línea 3048: la clase CATControls.CATTextBox del control txtCod_VendedorCampo no era una clase de control cargada.
Línea 3077: la clase CATControls.CATTextBox del control txtGls_VendedorCampo no era una clase de control cargada.
Línea 3104: la clase CATControls.CATTextBox del control txt_OrdenCompra no era una clase de control cargada.
Línea 3133: la clase CATControls.CATTextBox del control txtCod_UnidProd no era una clase de control cargada.
Línea 3161: la clase CATControls.CATTextBox del control txtGls_UnidProd no era una clase de control cargada.
Línea 3187: la clase CATControls.CATTextBox del control txtCod_FormaPago no era una clase de control cargada.
Línea 3215: la clase CATControls.CATTextBox del control txtGls_FormaPago no era una clase de control cargada.
Línea 3242: la clase CATControls.CATTextBox del control txtvtcodigo no era una clase de control cargada.
Línea 3270: la clase CATControls.CATTextBox del control txtvtglscliente no era una clase de control cargada.
Línea 3297: la clase CATControls.CATTextBox del control txtvtruc no era una clase de control cargada.
Línea 3324: la clase CATControls.CATTextBox del control txtvtdireccion no era una clase de control cargada.
Línea 3352: la clase MSComCtl2.DTPicker del control dtp_Pago no era una clase de control cargada.
Línea 3375: la clase CATControls.CATTextBox del control txtgls_contacto no era una clase de control cargada.
Línea 3400: la clase CATControls.CATTextBox del control Txt_ProvCliente no era una clase de control cargada.
Línea 3428: la clase CATControls.CATTextBox del control txtCod_Tienda no era una clase de control cargada.
Línea 3455: la clase CATControls.CATTextBox del control TxtGlsSucursalDestino no era una clase de control cargada.
Línea 3481: la clase CATControls.CATTextBox del control TxtCodSucursalDestino no era una clase de control cargada.
Línea 4096: la clase MSComctlLib.Toolbar del control Toolbar1 no era una clase de control cargada.
Línea 4294: la clase CATControls.CATTextBox del control TxtGlsCentroCostoAnt no era una clase de control cargada.
Línea 4319: la clase CATControls.CATTextBox del control TxtCodCentroCostoAnt no era una clase de control cargada.
Línea 4346: la clase CATControls.CATTextBox del control TxtGlsCentroCostoNuevo no era una clase de control cargada.
Línea 4371: la clase CATControls.CATTextBox del control TxtCodCentroCostoNuevo no era una clase de control cargada.
Línea 4447: la clase CATControls.CATTextBox del control txt_TextoBuscar no era una clase de control cargada.
Línea 4473: la clase CATControls.CATTextBox del control txt_Ano no era una clase de control cargada.
Línea 4534: la clase DXDBGRIDLibCtl.dxDBGrid del control gListaDetalle no era una clase de control cargada.
Línea 4542: la clase DXDBGRIDLibCtl.dxDBGrid del control gLista no era una clase de control cargada.
