Línea 63: la clase CATControls.CATTextBox del control txt_NumDoc no era una clase de control cargada.
Línea 89: la clase CATControls.CATTextBox del control txt_Serie no era una clase de control cargada.
Línea 114: la clase CATControls.CATTextBox del control txt_TipoCambio no era una clase de control cargada.
Línea 141: la clase CATControls.CATTextBox del control txt_TotalBruto no era una clase de control cargada.
Línea 170: la clase CATControls.CATTextBox del control txt_TotalIGV no era una clase de control cargada.
Línea 199: la clase CATControls.CATTextBox del control txt_TotalNeto no era una clase de control cargada.
Línea 228: la clase CATControls.CATTextBox del control txtCod_Moneda no era una clase de control cargada.
Línea 253: la clase CATControls.CATTextBox del control txtGls_Moneda no era una clase de control cargada.
Línea 278: la clase MSComCtl2.DTPicker del control dtp_Emision no era una clase de control cargada.
Línea 300: la clase CATControls.CATTextBox del control txtCod_Cliente no era una clase de control cargada.
Línea 328: la clase CATControls.CATTextBox del control txtGls_Cliente no era una clase de control cargada.
Línea 590: la clase CATControls.CATTextBox del control txtCod_PeriodoLetra no era una clase de control cargada.
Línea 617: la clase CATControls.CATTextBox del control txtGls_PeriodoLetra no era una clase de control cargada.
Línea 643: la clase CATControls.CATTextBox del control txtCod_TipoInteres no era una clase de control cargada.
Línea 670: la clase CATControls.CATTextBox del control txtGls_TipoInteres no era una clase de control cargada.
Línea 696: la clase CATControls.CATTextBox del control txtCod_TipoCuotaLetra no era una clase de control cargada.
Línea 723: la clase CATControls.CATTextBox del control txtGls_TipoCuotaLetra no era una clase de control cargada.
Línea 749: la clase CATControls.CATTextBox del control txtCod_TipoCapitalizacion no era una clase de control cargada.
Línea 776: la clase CATControls.CATTextBox del control txtGls_TipoCapitalizacion no era una clase de control cargada.
Línea 802: la clase CATControls.CATTextBox del control txtVal_Tasa no era una clase de control cargada.
Línea 905: la clase CATControls.CATTextBox del control txt_MontoLetras no era una clase de control cargada.
Línea 934: la clase CATControls.CATTextBox del control txt_CantidadLetras no era una clase de control cargada.
Línea 962: la clase MSComCtl2.DTPicker del control dtp_EmisionLetra no era una clase de control cargada.
Línea 1045: la clase CATControls.CATTextBox del control txtCod_Aval no era una clase de control cargada.
Línea 1072: la clase CATControls.CATTextBox del control txtGls_Aval no era una clase de control cargada.
Línea 1117: la clase DXDBGRIDLibCtl.dxDBGrid del control gLetras no era una clase de control cargada.
Línea 1125: la clase MSComctlLib.ImageList del control imgDocVentas no era una clase de control cargada.
Línea 1188: la clase MSComctlLib.Toolbar del control Toolbar1 no era una clase de control cargada.
