Línea 30: la clase MSComctlLib.ImageList del control imgDocVentas no era una clase de control cargada.
Línea 92: la clase MSComctlLib.Toolbar del control Toolbar1 no era una clase de control cargada.
Línea 191: la clase CATControls.CATTextBox del control txt_TextoBuscar no era una clase de control cargada.
Línea 230: la clase DXDBGRIDLibCtl.dxDBGrid del control gLista no era una clase de control cargada.
Línea 254: la clase TabDlg.SSTab del control SSTab2 no era una clase de control cargada.
Línea 357: la clase CATControls.CATTextBox del control txtCod_Persona no era una clase de control cargada.
Línea 384: la clase CATControls.CATTextBox del control txtGls_Persona no era una clase de control cargada.
Línea 408: la clase CATControls.CATTextBox del control txtGls_Direccion no era una clase de control cargada.
Línea 435: la clase CATControls.CATTextBox del control txt_RUC no era una clase de control cargada.
Línea 462: la clase CATControls.CATTextBox del control txtCod_Pais no era una clase de control cargada.
Línea 489: la clase CATControls.CATTextBox del control txtGls_Pais no era una clase de control cargada.
Línea 514: la clase CATControls.CATTextBox del control txtCod_Depa no era una clase de control cargada.
Línea 541: la clase CATControls.CATTextBox del control txtGls_Depa no era una clase de control cargada.
Línea 566: la clase CATControls.CATTextBox del control txtCod_Prov no era una clase de control cargada.
Línea 593: la clase CATControls.CATTextBox del control txtGls_Prov no era una clase de control cargada.
Línea 618: la clase CATControls.CATTextBox del control txtCod_Distrito no era una clase de control cargada.
Línea 645: la clase CATControls.CATTextBox del control txtGls_Distrito no era una clase de control cargada.
Línea 670: la clase CATControls.CATTextBox del control txtCod_TipoPersona no era una clase de control cargada.
Línea 697: la clase CATControls.CATTextBox del control txtGls_TipoPersona no era una clase de control cargada.
Línea 722: la clase CATControls.CATTextBox del control txtagenteret no era una clase de control cargada.
Línea 750: la clase CATControls.CATTextBox del control txtagenteper no era una clase de control cargada.
Línea 778: la clase CATControls.CATTextBox del control txtbuenc no era una clase de control cargada.
Línea 949: la clase DXDBGRIDLibCtl.dxDBGrid del control gContactos no era una clase de control cargada.
Línea 975: la clase DXDBGRIDLibCtl.dxDBGrid del control gProductos no era una clase de control cargada.
