Línea 29: la clase MSComctlLib.ImageList del control imgDocVentas no era una clase de control cargada.
Línea 91: la clase MSComctlLib.Toolbar del control Toolbar1 no era una clase de control cargada.
Línea 183: la clase CATControls.CATTextBox del control txt_TextoBuscar no era una clase de control cargada.
Línea 222: la clase DXDBGRIDLibCtl.dxDBGrid del control gLista no era una clase de control cargada.
Línea 258: la clase CATControls.CATTextBox del control TxtCodDocumento no era una clase de control cargada.
Línea 283: la clase CATControls.CATTextBox del control TxtGlsDocumento no era una clase de control cargada.
Línea 308: la clase CATControls.CATTextBox del control TxtAbreviatura no era una clase de control cargada.
Línea 334: la clase TabDlg.SSTab del control SSTab1 no era una clase de control cargada.
Línea 417: la clase CATControls.CATTextBox del control TxtCodCtaContableCSocS no era una clase de control cargada.
Línea 441: la clase CATControls.CATTextBox del control TxtGlsCtaContableCSocS no era una clase de control cargada.
Línea 465: la clase CATControls.CATTextBox del control TxtCodCtaContableCSocD no era una clase de control cargada.
Línea 489: la clase CATControls.CATTextBox del control TxtGlsCtaContableCSocD no era una clase de control cargada.
Línea 581: la clase CATControls.CATTextBox del control TxtCodCtaContableVSocS no era una clase de control cargada.
Línea 605: la clase CATControls.CATTextBox del control TxtGlsCtaContableVSocS no era una clase de control cargada.
Línea 629: la clase CATControls.CATTextBox del control TxtCodCtaContableVSocD no era una clase de control cargada.
Línea 653: la clase CATControls.CATTextBox del control TxtGlsCtaContableVSocD no era una clase de control cargada.
Línea 745: la clase CATControls.CATTextBox del control TxtCodCtaContableCPerS no era una clase de control cargada.
Línea 769: la clase CATControls.CATTextBox del control TxtGlsCtaContableCPerS no era una clase de control cargada.
Línea 793: la clase CATControls.CATTextBox del control TxtCodCtaContableCPerD no era una clase de control cargada.
Línea 817: la clase CATControls.CATTextBox del control TxtGlsCtaContableCPerD no era una clase de control cargada.
Línea 909: la clase CATControls.CATTextBox del control TxtCodCtaContableVPerS no era una clase de control cargada.
Línea 933: la clase CATControls.CATTextBox del control TxtGlsCtaContableVPerS no era una clase de control cargada.
Línea 957: la clase CATControls.CATTextBox del control TxtCodCtaContableVPerD no era una clase de control cargada.
Línea 981: la clase CATControls.CATTextBox del control TxtGlsCtaContableVPerD no era una clase de control cargada.
Línea 1073: la clase CATControls.CATTextBox del control TxtCodCtaContableCRelMS no era una clase de control cargada.
Línea 1098: la clase CATControls.CATTextBox del control TxtGlsCtaContableCRelMS no era una clase de control cargada.
Línea 1122: la clase CATControls.CATTextBox del control TxtCodCtaContableCRelMD no era una clase de control cargada.
Línea 1147: la clase CATControls.CATTextBox del control TxtGlsCtaContableCRelMD no era una clase de control cargada.
Línea 1239: la clase CATControls.CATTextBox del control TxtCodCtaContableCTerS no era una clase de control cargada.
Línea 1264: la clase CATControls.CATTextBox del control TxtGlsCtaContableCTerS no era una clase de control cargada.
Línea 1288: la clase CATControls.CATTextBox del control TxtCodCtaContableCTerD no era una clase de control cargada.
Línea 1313: la clase CATControls.CATTextBox del control TxtGlsCtaContableCTerD no era una clase de control cargada.
Línea 1405: la clase CATControls.CATTextBox del control TxtCodCtaContableCRelSS no era una clase de control cargada.
Línea 1430: la clase CATControls.CATTextBox del control TxtGlsCtaContableCRelSS no era una clase de control cargada.
Línea 1454: la clase CATControls.CATTextBox del control TxtCodCtaContableCRelSD no era una clase de control cargada.
Línea 1479: la clase CATControls.CATTextBox del control TxtGlsCtaContableCRelSD no era una clase de control cargada.
Línea 1571: la clase CATControls.CATTextBox del control TxtCodCtaContableCRelAS no era una clase de control cargada.
Línea 1596: la clase CATControls.CATTextBox del control TxtGlsCtaContableCRelAS no era una clase de control cargada.
Línea 1620: la clase CATControls.CATTextBox del control TxtCodCtaContableCRelAD no era una clase de control cargada.
Línea 1645: la clase CATControls.CATTextBox del control TxtGlsCtaContableCRelAD no era una clase de control cargada.
Línea 1737: la clase CATControls.CATTextBox del control TxtCodCtaContableVRelAS no era una clase de control cargada.
Línea 1761: la clase CATControls.CATTextBox del control TxtGlsCtaContableVRelAS no era una clase de control cargada.
Línea 1785: la clase CATControls.CATTextBox del control TxtCodCtaContableVRelAD no era una clase de control cargada.
Línea 1809: la clase CATControls.CATTextBox del control TxtGlsCtaContableVRelAD no era una clase de control cargada.
Línea 1901: la clase CATControls.CATTextBox del control TxtCodCtaContableVRelSS no era una clase de control cargada.
Línea 1925: la clase CATControls.CATTextBox del control TxtGlsCtaContableVRelSS no era una clase de control cargada.
Línea 1949: la clase CATControls.CATTextBox del control TxtCodCtaContableVRelSD no era una clase de control cargada.
Línea 1973: la clase CATControls.CATTextBox del control TxtGlsCtaContableVRelSD no era una clase de control cargada.
Línea 2065: la clase CATControls.CATTextBox del control TxtCodCtaContableVTerS no era una clase de control cargada.
Línea 2089: la clase CATControls.CATTextBox del control TxtGlsCtaContableVTerS no era una clase de control cargada.
Línea 2113: la clase CATControls.CATTextBox del control TxtCodCtaContableVTerD no era una clase de control cargada.
Línea 2137: la clase CATControls.CATTextBox del control TxtGlsCtaContableVTerD no era una clase de control cargada.
Línea 2229: la clase CATControls.CATTextBox del control TxtCodCtaContableVRelMS no era una clase de control cargada.
Línea 2253: la clase CATControls.CATTextBox del control TxtGlsCtaContableVRelMS no era una clase de control cargada.
Línea 2277: la clase CATControls.CATTextBox del control TxtCodCtaContableVRelMD no era una clase de control cargada.
Línea 2301: la clase CATControls.CATTextBox del control TxtGlsCtaContableVRelMD no era una clase de control cargada.
