Línea 30: la clase MSComctlLib.ImageList del control imgDocVentas no era una clase de control cargada.
Línea 92: la clase MSComctlLib.Toolbar del control Toolbar1 no era una clase de control cargada.
Línea 166: la clase TabDlg.SSTab del control SSTab2 no era una clase de control cargada.
Línea 270: la clase CATControls.CATTextBox del control txtCod_Persona no era una clase de control cargada.
Línea 297: la clase CATControls.CATTextBox del control txtGls_Persona no era una clase de control cargada.
Línea 321: la clase CATControls.CATTextBox del control txtGls_Direccion no era una clase de control cargada.
Línea 348: la clase CATControls.CATTextBox del control txt_RUC no era una clase de control cargada.
Línea 375: la clase CATControls.CATTextBox del control txtCod_Pais no era una clase de control cargada.
Línea 402: la clase CATControls.CATTextBox del control txtGls_Pais no era una clase de control cargada.
Línea 427: la clase CATControls.CATTextBox del control txtCod_Depa no era una clase de control cargada.
Línea 454: la clase CATControls.CATTextBox del control txtGls_Depa no era una clase de control cargada.
Línea 479: la clase CATControls.CATTextBox del control txtCod_Prov no era una clase de control cargada.
Línea 506: la clase CATControls.CATTextBox del control txtGls_Prov no era una clase de control cargada.
Línea 531: la clase CATControls.CATTextBox del control txtCod_Distrito no era una clase de control cargada.
Línea 558: la clase CATControls.CATTextBox del control txtGls_Distrito no era una clase de control cargada.
Línea 583: la clase CATControls.CATTextBox del control txtCod_TipoPersona no era una clase de control cargada.
Línea 610: la clase CATControls.CATTextBox del control txtGls_TipoPersona no era una clase de control cargada.
Línea 635: la clase CATControls.CATTextBox del control txtagenteret no era una clase de control cargada.
Línea 663: la clase CATControls.CATTextBox del control txtagenteper no era una clase de control cargada.
Línea 691: la clase CATControls.CATTextBox del control txtbuenc no era una clase de control cargada.
Línea 862: la clase DXDBGRIDLibCtl.dxDBGrid del control gContactos no era una clase de control cargada.
Línea 888: la clase DXDBGRIDLibCtl.dxDBGrid del control gProductos no era una clase de control cargada.
Línea 933: la clase CATControls.CATTextBox del control txt_TextoBuscar no era una clase de control cargada.
Línea 972: la clase DXDBGRIDLibCtl.dxDBGrid del control gLista no era una clase de control cargada.
