Línea 21: la clase MSComctlLib.Toolbar del control Toolbar1 no era una clase de control cargada.
Línea 97: la clase TabDlg.SSTab del control SSTab2 no era una clase de control cargada.
Línea 168: la clase DXDBGRIDLibCtl.dxDBGrid del control gProductos no era una clase de control cargada.
Línea 225: la clase CATControls.CATTextBox del control TxtLineaAprobada no era una clase de control cargada.
Línea 255: la clase CATControls.CATTextBox del control TxtDeuda no era una clase de control cargada.
Línea 355: la clase TabDlg.SSTab del control SSTab1 no era una clase de control cargada.
Línea 390: la clase DXDBGRIDLibCtl.dxDBGrid del control GDocumentosGen no era una clase de control cargada.
Línea 398: la clase DXDBGRIDLibCtl.dxDBGrid del control GDocumentos no era una clase de control cargada.
Línea 406: la clase DXDBGRIDLibCtl.dxDBGrid del control GGuiasNF no era una clase de control cargada.
Línea 572: la clase CATControls.CATTextBox del control txtCod_Persona no era una clase de control cargada.
Línea 599: la clase CATControls.CATTextBox del control txtGls_Persona no era una clase de control cargada.
Línea 623: la clase CATControls.CATTextBox del control txtGls_Direccion no era una clase de control cargada.
Línea 650: la clase CATControls.CATTextBox del control txt_RUC no era una clase de control cargada.
Línea 677: la clase CATControls.CATTextBox del control txtCod_Pais no era una clase de control cargada.
Línea 704: la clase CATControls.CATTextBox del control txtGls_Pais no era una clase de control cargada.
Línea 729: la clase CATControls.CATTextBox del control txtCod_Depa no era una clase de control cargada.
Línea 756: la clase CATControls.CATTextBox del control txtGls_Depa no era una clase de control cargada.
Línea 781: la clase CATControls.CATTextBox del control txtCod_Prov no era una clase de control cargada.
Línea 808: la clase CATControls.CATTextBox del control txtGls_Prov no era una clase de control cargada.
Línea 833: la clase CATControls.CATTextBox del control txtCod_Distrito no era una clase de control cargada.
Línea 860: la clase CATControls.CATTextBox del control txtGls_Distrito no era una clase de control cargada.
Línea 885: la clase CATControls.CATTextBox del control txtCod_TipoPersona no era una clase de control cargada.
Línea 912: la clase CATControls.CATTextBox del control txtGls_TipoPersona no era una clase de control cargada.
Línea 937: la clase CATControls.CATTextBox del control txtCod_VendedorCampo no era una clase de control cargada.
Línea 965: la clase CATControls.CATTextBox del control txtGls_VendedorCampo no era una clase de control cargada.
Línea 990: la clase CATControls.CATTextBox del control txtCod_EmpTrans no era una clase de control cargada.
Línea 1018: la clase CATControls.CATTextBox del control txtGls_EmpTrans no era una clase de control cargada.
Línea 1043: la clase CATControls.CATTextBox del control txtCod_Lista no era una clase de control cargada.
Línea 1071: la clase CATControls.CATTextBox del control txtGls_Lista no era una clase de control cargada.
Línea 1096: la clase CATControls.CATTextBox del control txtCod_ClienteInterno no era una clase de control cargada.
Línea 1124: la clase CATControls.CATTextBox del control txtVal_Dcto no era una clase de control cargada.
Línea 1154: la clase CATControls.CATTextBox del control txtCod_Canal no era una clase de control cargada.
Línea 1182: la clase CATControls.CATTextBox del control txtGls_Canal no era una clase de control cargada.
Línea 1207: la clase CATControls.CATTextBox del control txt_Telefono no era una clase de control cargada.
Línea 1236: la clase CATControls.CATTextBox del control txt_Email no era una clase de control cargada.
Línea 1265: la clase CATControls.CATTextBox del control txtidProvCliente no era una clase de control cargada.
Línea 1662: la clase DXDBGRIDLibCtl.dxDBGrid del control gFormaPago no era una clase de control cargada.
Línea 1679: la clase DXDBGRIDLibCtl.dxDBGrid del control gTiendas no era una clase de control cargada.
Línea 1687: la clase CATControls.CATTextBox del control txtDes no era una clase de control cargada.
Línea 1713: la clase CATControls.CATTextBox del control txtCodigo no era una clase de control cargada.
Línea 1749: la clase DXDBGRIDLibCtl.dxDBGrid del control gContactos no era una clase de control cargada.
Línea 1758: la clase CATControls.CATTextBox del control TxtCodMoneda no era una clase de control cargada.
Línea 1783: la clase CATControls.CATTextBox del control TxtGlsMoneda no era una clase de control cargada.
Línea 1808: la clase CATControls.CATTextBox del control TxtGlsEstado no era una clase de control cargada.
Línea 1881: la clase MSComctlLib.ImageList del control imgDocVentas no era una clase de control cargada.
Línea 1967: la clase CATControls.CATTextBox del control txt_TextoBuscar no era una clase de control cargada.
Línea 2014: la clase DXDBGRIDLibCtl.dxDBGrid del control gLista no era una clase de control cargada.
