Línea 30: la clase MSComctlLib.ImageList del control imgDocVentas no era una clase de control cargada.
Línea 92: la clase MSComctlLib.Toolbar del control Toolbar1 no era una clase de control cargada.
Línea 395: la clase MSComCtl2.DTPicker del control dtpFechaNac no era una clase de control cargada.
Línea 417: la clase CATControls.CATTextBox del control txtCod_Persona no era una clase de control cargada.
Línea 445: la clase CATControls.CATTextBox del control txtGls_Paterno no era una clase de control cargada.
Línea 472: la clase CATControls.CATTextBox del control txtGls_Materno no era una clase de control cargada.
Línea 499: la clase CATControls.CATTextBox del control txtGls_Nombres no era una clase de control cargada.
Línea 527: la clase CATControls.CATTextBox del control txtGls_Direccion no era una clase de control cargada.
Línea 554: la clase CATControls.CATTextBox del control txt_RUC no era una clase de control cargada.
Línea 581: la clase CATControls.CATTextBox del control txt_Telefono no era una clase de control cargada.
Línea 609: la clase CATControls.CATTextBox del control txt_Email no era una clase de control cargada.
Línea 636: la clase CATControls.CATTextBox del control txtCod_TipoPersona no era una clase de control cargada.
Línea 663: la clase CATControls.CATTextBox del control txtGls_TipoPersona no era una clase de control cargada.
Línea 687: la clase CATControls.CATTextBox del control txtCod_Pais no era una clase de control cargada.
Línea 714: la clase CATControls.CATTextBox del control txtGls_Pais no era una clase de control cargada.
Línea 738: la clase CATControls.CATTextBox del control txtCod_Depa no era una clase de control cargada.
Línea 764: la clase CATControls.CATTextBox del control txtGls_Depa no era una clase de control cargada.
Línea 788: la clase CATControls.CATTextBox del control txtCod_Prov no era una clase de control cargada.
Línea 814: la clase CATControls.CATTextBox del control txtGls_Prov no era una clase de control cargada.
Línea 838: la clase CATControls.CATTextBox del control txtCod_Distrito no era una clase de control cargada.
Línea 865: la clase CATControls.CATTextBox del control txtGls_Distrito no era una clase de control cargada.
Línea 889: la clase CATControls.CATTextBox del control txtGlsPersona no era una clase de control cargada.
Línea 916: la clase CATControls.CATTextBox del control txtGls_DireccionFiscal no era una clase de control cargada.
Línea 944: la clase CATControls.CATTextBox del control txtGls_Contacto no era una clase de control cargada.
Línea 972: la clase CATControls.CATTextBox del control TxtCodTipoDocIdentidad no era una clase de control cargada.
Línea 999: la clase CATControls.CATTextBox del control TxtGlsTipoDocIdentidad no era una clase de control cargada.
Línea 1023: la clase CATControls.CATTextBox del control TxtGlsNombreComercial no era una clase de control cargada.
Línea 1282: la clase CATControls.CATTextBox del control txt_TextoBuscar no era una clase de control cargada.
Línea 1321: la clase DXDBGRIDLibCtl.dxDBGrid del control gLista no era una clase de control cargada.
