Línea 21: la clase MSComctlLib.Toolbar del control Toolbar1 no era una clase de control cargada.
Línea 91: la clase TabDlg.SSTab del control SSTab2 no era una clase de control cargada.
Línea 174: la clase DXDBGRIDLibCtl.dxDBGrid del control gProductos no era una clase de control cargada.
Línea 231: la clase CATControls.CATTextBox del control TxtLineaAprobada no era una clase de control cargada.
Línea 261: la clase CATControls.CATTextBox del control TxtDeuda no era una clase de control cargada.
Línea 361: la clase TabDlg.SSTab del control SSTab1 no era una clase de control cargada.
Línea 396: la clase DXDBGRIDLibCtl.dxDBGrid del control GDocumentosGen no era una clase de control cargada.
Línea 404: la clase DXDBGRIDLibCtl.dxDBGrid del control GDocumentos no era una clase de control cargada.
Línea 412: la clase DXDBGRIDLibCtl.dxDBGrid del control GGuiasNF no era una clase de control cargada.
Línea 583: la clase CATControls.CATTextBox del control txtCod_Persona no era una clase de control cargada.
Línea 610: la clase CATControls.CATTextBox del control txtGls_Persona no era una clase de control cargada.
Línea 634: la clase CATControls.CATTextBox del control txtGls_Direccion no era una clase de control cargada.
Línea 661: la clase CATControls.CATTextBox del control txt_RUC no era una clase de control cargada.
Línea 688: la clase CATControls.CATTextBox del control txtCod_Pais no era una clase de control cargada.
Línea 715: la clase CATControls.CATTextBox del control txtGls_Pais no era una clase de control cargada.
Línea 740: la clase CATControls.CATTextBox del control txtCod_Depa no era una clase de control cargada.
Línea 767: la clase CATControls.CATTextBox del control txtGls_Depa no era una clase de control cargada.
Línea 792: la clase CATControls.CATTextBox del control txtCod_Prov no era una clase de control cargada.
Línea 819: la clase CATControls.CATTextBox del control txtGls_Prov no era una clase de control cargada.
Línea 844: la clase CATControls.CATTextBox del control txtCod_Distrito no era una clase de control cargada.
Línea 871: la clase CATControls.CATTextBox del control txtGls_Distrito no era una clase de control cargada.
Línea 896: la clase CATControls.CATTextBox del control txtCod_TipoPersona no era una clase de control cargada.
Línea 923: la clase CATControls.CATTextBox del control txtGls_TipoPersona no era una clase de control cargada.
Línea 948: la clase CATControls.CATTextBox del control txtCod_VendedorCampo no era una clase de control cargada.
Línea 977: la clase CATControls.CATTextBox del control txtGls_VendedorCampo no era una clase de control cargada.
Línea 1003: la clase CATControls.CATTextBox del control txtCod_EmpTrans no era una clase de control cargada.
Línea 1032: la clase CATControls.CATTextBox del control txtGls_EmpTrans no era una clase de control cargada.
Línea 1058: la clase CATControls.CATTextBox del control txtCod_Lista no era una clase de control cargada.
Línea 1086: la clase CATControls.CATTextBox del control txtGls_Lista no era una clase de control cargada.
Línea 1111: la clase CATControls.CATTextBox del control txtCod_ClienteInterno no era una clase de control cargada.
Línea 1140: la clase CATControls.CATTextBox del control txtVal_Dcto no era una clase de control cargada.
Línea 1171: la clase CATControls.CATTextBox del control txtCod_Canal no era una clase de control cargada.
Línea 1200: la clase CATControls.CATTextBox del control txtGls_Canal no era una clase de control cargada.
Línea 1226: la clase CATControls.CATTextBox del control txt_Telefono no era una clase de control cargada.
Línea 1255: la clase CATControls.CATTextBox del control txt_Email no era una clase de control cargada.
Línea 1284: la clase CATControls.CATTextBox del control txtidProvCliente no era una clase de control cargada.
Línea 1689: la clase DXDBGRIDLibCtl.dxDBGrid del control gFormaPago no era una clase de control cargada.
Línea 1706: la clase DXDBGRIDLibCtl.dxDBGrid del control gTiendas no era una clase de control cargada.
Línea 1714: la clase CATControls.CATTextBox del control txtDes no era una clase de control cargada.
Línea 1740: la clase CATControls.CATTextBox del control txtCodigo no era una clase de control cargada.
Línea 1776: la clase DXDBGRIDLibCtl.dxDBGrid del control gContactos no era una clase de control cargada.
Línea 1785: la clase CATControls.CATTextBox del control TxtCodMoneda no era una clase de control cargada.
Línea 1810: la clase CATControls.CATTextBox del control TxtGlsMoneda no era una clase de control cargada.
Línea 1835: la clase CATControls.CATTextBox del control TxtGlsEstado no era una clase de control cargada.
Línea 1908: la clase MSComctlLib.ImageList del control imgDocVentas no era una clase de control cargada.
Línea 1994: la clase CATControls.CATTextBox del control txt_TextoBuscar no era una clase de control cargada.
Línea 2041: la clase DXDBGRIDLibCtl.dxDBGrid del control gLista no era una clase de control cargada.
