Línea 30: la clase MSComctlLib.ImageList del control imgDocVentas no era una clase de control cargada.
Línea 153: la clase DXDBGRIDLibCtl.dxDBGrid del control gListaPrecio no era una clase de control cargada.
Línea 161: la clase CATControls.CATTextBox del control txtBus_Producto no era una clase de control cargada.
Línea 313: la clase CATControls.CATTextBox del control txtCod_Nivel no era una clase de control cargada.
Línea 342: la clase CATControls.CATTextBox del control txtGls_Nivel no era una clase de control cargada.
Línea 368: la clase CATControls.CATTextBox del control txtCod_Nivel no era una clase de control cargada.
Línea 397: la clase CATControls.CATTextBox del control txtGls_Nivel no era una clase de control cargada.
Línea 423: la clase CATControls.CATTextBox del control txtCod_Nivel no era una clase de control cargada.
Línea 452: la clase CATControls.CATTextBox del control txtGls_Nivel no era una clase de control cargada.
Línea 478: la clase CATControls.CATTextBox del control txtCod_Nivel no era una clase de control cargada.
Línea 507: la clase CATControls.CATTextBox del control txtGls_Nivel no era una clase de control cargada.
Línea 533: la clase CATControls.CATTextBox del control txtCod_Nivel no era una clase de control cargada.
Línea 562: la clase CATControls.CATTextBox del control txtGls_Nivel no era una clase de control cargada.
Línea 697: la clase CATControls.CATTextBox del control txtCod_Lista no era una clase de control cargada.
Línea 724: la clase CATControls.CATTextBox del control txtGls_Lista no era una clase de control cargada.
Línea 751: la clase MSComCtl2.DTPicker del control dtp_Emision no era una clase de control cargada.
Línea 773: la clase CATControls.CATTextBox del control txtCod_Moneda no era una clase de control cargada.
Línea 800: la clase CATControls.CATTextBox del control txtGls_Moneda no era una clase de control cargada.
Línea 905: la clase CATControls.CATTextBox del control txt_TextoBuscar no era una clase de control cargada.
Línea 944: la clase DXDBGRIDLibCtl.dxDBGrid del control gLista no era una clase de control cargada.
Línea 953: la clase MSComctlLib.Toolbar del control Toolbar1 no era una clase de control cargada.
