Línea 29: la clase MSComctlLib.ImageList del control imgDocVentas no era una clase de control cargada.
Línea 99: la clase MSComctlLib.Toolbar del control Toolbar1 no era una clase de control cargada.
Línea 201: la clase CATControls.CATTextBox del control txt_TextoBuscar no era una clase de control cargada.
Línea 251: la clase DXDBGRIDLibCtl.dxDBGrid del control gLista no era una clase de control cargada.
Línea 341: la clase CATControls.CATTextBox del control TxtCodCtaContableC no era una clase de control cargada.
Línea 366: la clase CATControls.CATTextBox del control TxtGlsCtaContableC no era una clase de control cargada.
Línea 390: la clase CATControls.CATTextBox del control TxtCodCtaContableV no era una clase de control cargada.
Línea 415: la clase CATControls.CATTextBox del control TxtGlsCtaContableV no era una clase de control cargada.
Línea 439: la clase CATControls.CATTextBox del control TxtCodCtaContableVR no era una clase de control cargada.
Línea 464: la clase CATControls.CATTextBox del control TxtGlsCtaContableVR no era una clase de control cargada.
Línea 541: la clase CATControls.CATTextBox del control txtGls_Nivel no era una clase de control cargada.
Línea 681: la clase CATControls.CATTextBox del control txtCod_NivelPred no era una clase de control cargada.
Línea 709: la clase CATControls.CATTextBox del control txtGls_NivelPred no era una clase de control cargada.
Línea 735: la clase CATControls.CATTextBox del control txtGls_NivelPred no era una clase de control cargada.
Línea 761: la clase CATControls.CATTextBox del control txtCod_NivelPred no era una clase de control cargada.
Línea 789: la clase CATControls.CATTextBox del control txtGls_NivelPred no era una clase de control cargada.
Línea 815: la clase CATControls.CATTextBox del control txtCod_NivelPred no era una clase de control cargada.
Línea 843: la clase CATControls.CATTextBox del control txtGls_NivelPred no era una clase de control cargada.
Línea 869: la clase CATControls.CATTextBox del control txtCod_NivelPred no era una clase de control cargada.
Línea 897: la clase CATControls.CATTextBox del control txtGls_NivelPred no era una clase de control cargada.
Línea 923: la clase CATControls.CATTextBox del control txtCod_NivelPred no era una clase de control cargada.
Línea 1049: la clase CATControls.CATTextBox del control txtCod_Nivel no era una clase de control cargada.
Línea 1078: la clase CATControls.CATTextBox del control txtCod_TipoNivel no era una clase de control cargada.
Línea 1105: la clase CATControls.CATTextBox del control txtGls_TipoNivel no era una clase de control cargada.
Línea 1130: la clase CATControls.CATTextBox del control txt_Orden no era una clase de control cargada.
Línea 1158: la clase CATControls.CATTextBox del control txtCod_TiposNivel no era una clase de control cargada.
Línea 1186: la clase CATControls.CATTextBox del control txtGls_TiposNivel no era una clase de control cargada.
Línea 1212: la clase CATControls.CATTextBox del control Txt_PorcComision no era una clase de control cargada.
Línea 1240: la clase CATControls.CATTextBox del control TxtDctoListaPrec no era una clase de control cargada.
Línea 1270: la clase CATControls.CATTextBox del control TxtGls_Abreviatura no era una clase de control cargada.
