Línea 30: la clase MSComctlLib.ImageList del control imgDocVentas no era una clase de control cargada.
Línea 92: la clase MSComctlLib.Toolbar del control Toolbar1 no era una clase de control cargada.
Línea 406: la clase MSComCtl2.DTPicker del control dtpFechaNac no era una clase de control cargada.
Línea 428: la clase CATControls.CATTextBox del control txtCod_Persona no era una clase de control cargada.
Línea 456: la clase CATControls.CATTextBox del control txtGls_Paterno no era una clase de control cargada.
Línea 483: la clase CATControls.CATTextBox del control txtGls_Materno no era una clase de control cargada.
Línea 510: la clase CATControls.CATTextBox del control txtGls_Nombres no era una clase de control cargada.
Línea 538: la clase CATControls.CATTextBox del control txtGls_Direccion no era una clase de control cargada.
Línea 565: la clase CATControls.CATTextBox del control txt_RUC no era una clase de control cargada.
Línea 592: la clase CATControls.CATTextBox del control txt_Telefono no era una clase de control cargada.
Línea 620: la clase CATControls.CATTextBox del control txt_Email no era una clase de control cargada.
Línea 647: la clase CATControls.CATTextBox del control txtCod_TipoPersona no era una clase de control cargada.
Línea 674: la clase CATControls.CATTextBox del control txtGls_TipoPersona no era una clase de control cargada.
Línea 698: la clase CATControls.CATTextBox del control txtCod_Pais no era una clase de control cargada.
Línea 725: la clase CATControls.CATTextBox del control txtGls_Pais no era una clase de control cargada.
Línea 749: la clase CATControls.CATTextBox del control txtCod_Depa no era una clase de control cargada.
Línea 775: la clase CATControls.CATTextBox del control txtGls_Depa no era una clase de control cargada.
Línea 799: la clase CATControls.CATTextBox del control txtCod_Prov no era una clase de control cargada.
Línea 825: la clase CATControls.CATTextBox del control txtGls_Prov no era una clase de control cargada.
Línea 849: la clase CATControls.CATTextBox del control txtCod_Distrito no era una clase de control cargada.
Línea 876: la clase CATControls.CATTextBox del control txtGls_Distrito no era una clase de control cargada.
Línea 900: la clase CATControls.CATTextBox del control txtGlsPersona no era una clase de control cargada.
Línea 927: la clase CATControls.CATTextBox del control txtGls_DireccionFiscal no era una clase de control cargada.
Línea 955: la clase CATControls.CATTextBox del control txtGls_Contacto no era una clase de control cargada.
Línea 983: la clase CATControls.CATTextBox del control TxtCodTipoDocIdentidad no era una clase de control cargada.
Línea 1010: la clase CATControls.CATTextBox del control TxtGlsTipoDocIdentidad no era una clase de control cargada.
Línea 1034: la clase CATControls.CATTextBox del control TxtGlsNombreComercial no era una clase de control cargada.
Línea 1293: la clase CATControls.CATTextBox del control txt_TextoBuscar no era una clase de control cargada.
Línea 1332: la clase DXDBGRIDLibCtl.dxDBGrid del control gLista no era una clase de control cargada.
