Línea 19: la clase MSComctlLib.ImageList del control imgDocVentas no era una clase de control cargada.
Línea 81: la clase MSComctlLib.Toolbar del control Toolbar1 no era una clase de control cargada.
Línea 227: la clase MSComCtl2.DTPicker del control dtpFechaNac no era una clase de control cargada.
Línea 240: la clase CATControls.CATTextBox del control txtCod_Persona no era una clase de control cargada.
Línea 268: la clase CATControls.CATTextBox del control txtGls_Paterno no era una clase de control cargada.
Línea 295: la clase CATControls.CATTextBox del control txtGls_Materno no era una clase de control cargada.
Línea 322: la clase CATControls.CATTextBox del control txtGls_Nombres no era una clase de control cargada.
Línea 350: la clase CATControls.CATTextBox del control txtGls_Direccion no era una clase de control cargada.
Línea 378: la clase CATControls.CATTextBox del control txt_RUC no era una clase de control cargada.
Línea 405: la clase CATControls.CATTextBox del control txt_Telefono no era una clase de control cargada.
Línea 433: la clase CATControls.CATTextBox del control txt_Email no era una clase de control cargada.
Línea 461: la clase CATControls.CATTextBox del control txtCod_TipoPersona no era una clase de control cargada.
Línea 488: la clase CATControls.CATTextBox del control txtGls_TipoPersona no era una clase de control cargada.
Línea 512: la clase CATControls.CATTextBox del control txtCod_Pais no era una clase de control cargada.
Línea 540: la clase CATControls.CATTextBox del control txtGls_Pais no era una clase de control cargada.
Línea 565: la clase CATControls.CATTextBox del control txtCod_Depa no era una clase de control cargada.
Línea 592: la clase CATControls.CATTextBox del control txtGls_Depa no era una clase de control cargada.
Línea 617: la clase CATControls.CATTextBox del control txtCod_Prov no era una clase de control cargada.
Línea 644: la clase CATControls.CATTextBox del control txtGls_Prov no era una clase de control cargada.
Línea 669: la clase CATControls.CATTextBox del control txtCod_Distrito no era una clase de control cargada.
Línea 697: la clase CATControls.CATTextBox del control txtGls_Distrito no era una clase de control cargada.
Línea 722: la clase CATControls.CATTextBox del control txtGlsPersona no era una clase de control cargada.
Línea 749: la clase CATControls.CATTextBox del control txtGls_DireccionFiscal no era una clase de control cargada.
Línea 777: la clase CATControls.CATTextBox del control txtCod_VendedorCampo no era una clase de control cargada.
Línea 804: la clase CATControls.CATTextBox del control txtGls_VendedorCampo no era una clase de control cargada.
Línea 829: la clase CATControls.CATTextBox del control txtCod_FormasPago no era una clase de control cargada.
Línea 856: la clase CATControls.CATTextBox del control txtGls_FormasPago no era una clase de control cargada.
Línea 881: la clase CATControls.CATTextBox del control TxtCodTipoDocIdentidad no era una clase de control cargada.
Línea 908: la clase CATControls.CATTextBox del control TxtGlsTipoDocIdentidad no era una clase de control cargada.
Línea 1299: la clase CATControls.CATTextBox del control txt_TextoBuscar no era una clase de control cargada.
Línea 1338: la clase DXDBGRIDLibCtl.dxDBGrid del control gLista no era una clase de control cargada.
