Línea 20: la clase MSComctlLib.ImageList del control imgDocVentas no era una clase de control cargada.
Línea 82: la clase MSComctlLib.Toolbar del control Toolbar1 no era una clase de control cargada.
Línea 180: la clase DXDBGRIDLibCtl.dxDBGrid del control gSucursales no era una clase de control cargada.
Línea 207: la clase CATControls.CATTextBox del control txtCod_Persona no era una clase de control cargada.
Línea 234: la clase CATControls.CATTextBox del control txtGls_Persona no era una clase de control cargada.
Línea 258: la clase CATControls.CATTextBox del control txtGls_Direccion no era una clase de control cargada.
Línea 285: la clase CATControls.CATTextBox del control txtCod_Pais no era una clase de control cargada.
Línea 312: la clase CATControls.CATTextBox del control txtGls_Pais no era una clase de control cargada.
Línea 337: la clase CATControls.CATTextBox del control txtCod_Depa no era una clase de control cargada.
Línea 364: la clase CATControls.CATTextBox del control txtGls_Depa no era una clase de control cargada.
Línea 389: la clase CATControls.CATTextBox del control txtCod_Prov no era una clase de control cargada.
Línea 416: la clase CATControls.CATTextBox del control txtGls_Prov no era una clase de control cargada.
Línea 441: la clase CATControls.CATTextBox del control txtCod_Distrito no era una clase de control cargada.
Línea 469: la clase CATControls.CATTextBox del control txtGls_Distrito no era una clase de control cargada.
Línea 494: la clase CATControls.CATTextBox del control txtCod_Perfil no era una clase de control cargada.
Línea 522: la clase CATControls.CATTextBox del control txtGls_Perfil no era una clase de control cargada.
Línea 547: la clase CATControls.CATTextBox del control txt_Usu no era una clase de control cargada.
Línea 573: la clase CATControls.CATTextBox del control txt_Pass no era una clase de control cargada.
Línea 600: la clase CATControls.CATTextBox del control CATTextBox1 no era una clase de control cargada.
Línea 626: la clase CATControls.CATTextBox del control txtImpresoraLetras no era una clase de control cargada.
Línea 881: la clase DXDBGRIDLibCtl.dxDBGrid del control gLista no era una clase de control cargada.
Línea 897: la clase CATControls.CATTextBox del control txt_TextoBuscar no era una clase de control cargada.
