Línea 21: la clase MSComctlLib.ImageList del control imgDocVentas no era una clase de control cargada.
Línea 83: la clase MSComctlLib.Toolbar del control Toolbar1 no era una clase de control cargada.
Línea 149: la clase TabDlg.SSTab del control SSTab1 no era una clase de control cargada.
Línea 244: la clase CATControls.CATTextBox del control Txt_TipoVenta no era una clase de control cargada.
Línea 415: la clase CATControls.CATTextBox del control txtCod_Persona no era una clase de control cargada.
Línea 442: la clase CATControls.CATTextBox del control txtGls_Persona no era una clase de control cargada.
Línea 466: la clase CATControls.CATTextBox del control txtGls_Direccion no era una clase de control cargada.
Línea 493: la clase CATControls.CATTextBox del control txtCod_Pais no era una clase de control cargada.
Línea 520: la clase CATControls.CATTextBox del control txtGls_Pais no era una clase de control cargada.
Línea 545: la clase CATControls.CATTextBox del control txtCod_Depa no era una clase de control cargada.
Línea 572: la clase CATControls.CATTextBox del control txtGls_Depa no era una clase de control cargada.
Línea 597: la clase CATControls.CATTextBox del control txtCod_Prov no era una clase de control cargada.
Línea 624: la clase CATControls.CATTextBox del control txtGls_Prov no era una clase de control cargada.
Línea 649: la clase CATControls.CATTextBox del control txtCod_Distrito no era una clase de control cargada.
Línea 676: la clase CATControls.CATTextBox del control txtGls_Distrito no era una clase de control cargada.
Línea 701: la clase CATControls.CATTextBox del control txtCod_ListaPrecio no era una clase de control cargada.
Línea 729: la clase CATControls.CATTextBox del control txtGls_ListaPrecio no era una clase de control cargada.
Línea 754: la clase CATControls.CATTextBox del control TxtIndVendedor no era una clase de control cargada.
Línea 783: la clase CATControls.CATTextBox del control txtIndResponsable no era una clase de control cargada.
Línea 812: la clase CATControls.CATTextBox del control txtIndVisualizaclientes no era una clase de control cargada.
Línea 841: la clase CATControls.CATTextBox del control txt_rmp no era una clase de control cargada.
Línea 869: la clase CATControls.CATTextBox del control txt_Nextel no era una clase de control cargada.
Línea 897: la clase CATControls.CATTextBox del control TxtCod_Jefe no era una clase de control cargada.
Línea 925: la clase CATControls.CATTextBox del control TxtGls_Jefe no era una clase de control cargada.
Línea 950: la clase CATControls.CATTextBox del control TxtInd_Jefe no era una clase de control cargada.
Línea 1188: la clase DXDBGRIDLibCtl.dxDBGrid del control gComision no era una clase de control cargada.
Línea 1215: la clase CATControls.CATTextBox del control txt_TextoBuscar no era una clase de control cargada.
Línea 1263: la clase DXDBGRIDLibCtl.dxDBGrid del control gLista no era una clase de control cargada.
