Línea 22: la clase MSComctlLib.ImageList del control imgDocVentas no era una clase de control cargada.
Línea 84: la clase MSComctlLib.Toolbar del control Toolbar1 no era una clase de control cargada.
Línea 171: la clase CATControls.CATTextBox del control txt_TextoBuscar no era una clase de control cargada.
Línea 219: la clase DXDBGRIDLibCtl.dxDBGrid del control gLista no era una clase de control cargada.
Línea 234: la clase TabDlg.SSTab del control SSTab1 no era una clase de control cargada.
Línea 350: la clase CATControls.CATTextBox del control txt_ctacontable1 no era una clase de control cargada.
Línea 377: la clase CATControls.CATTextBox del control txt_ctacontable2 no era una clase de control cargada.
Línea 404: la clase CATControls.CATTextBox del control txtctacontableRelacionada no era una clase de control cargada.
Línea 431: la clase CATControls.CATTextBox del control txtdescta1 no era una clase de control cargada.
Línea 456: la clase CATControls.CATTextBox del control txtdescta2 no era una clase de control cargada.
Línea 481: la clase CATControls.CATTextBox del control txtdescta3 no era una clase de control cargada.
Línea 635: la clase CATControls.CATTextBox del control txtCod_Nivel no era una clase de control cargada.
Línea 664: la clase CATControls.CATTextBox del control txtGls_Nivel no era una clase de control cargada.
Línea 690: la clase CATControls.CATTextBox del control txtCod_Nivel no era una clase de control cargada.
Línea 719: la clase CATControls.CATTextBox del control txtGls_Nivel no era una clase de control cargada.
Línea 745: la clase CATControls.CATTextBox del control txtCod_Nivel no era una clase de control cargada.
Línea 774: la clase CATControls.CATTextBox del control txtGls_Nivel no era una clase de control cargada.
Línea 800: la clase CATControls.CATTextBox del control txtCod_Nivel no era una clase de control cargada.
Línea 829: la clase CATControls.CATTextBox del control txtGls_Nivel no era una clase de control cargada.
Línea 855: la clase CATControls.CATTextBox del control txtCod_Nivel no era una clase de control cargada.
Línea 884: la clase CATControls.CATTextBox del control txtGls_Nivel no era una clase de control cargada.
Línea 1192: la clase CATControls.CATTextBox del control txtVal_VV no era una clase de control cargada.
Línea 1221: la clase CATControls.CATTextBox del control txtVal_IGV no era una clase de control cargada.
Línea 1251: la clase CATControls.CATTextBox del control txtVal_PV no era una clase de control cargada.
Línea 1280: la clase CATControls.CATTextBox del control TxtDctoListaPrec no era una clase de control cargada.
Línea 1483: la clase CATControls.CATTextBox del control txtGls_Producto no era una clase de control cargada.
Línea 1509: la clase CATControls.CATTextBox del control txtCod_TipoProd no era una clase de control cargada.
Línea 1536: la clase CATControls.CATTextBox del control txtGls_TipoProd no era una clase de control cargada.
Línea 1561: la clase CATControls.CATTextBox del control txtCod_Marca no era una clase de control cargada.
Línea 1588: la clase CATControls.CATTextBox del control txtGls_Marca no era una clase de control cargada.
Línea 1613: la clase CATControls.CATTextBox del control txtCod_Moneda no era una clase de control cargada.
Línea 1640: la clase CATControls.CATTextBox del control txtGls_Moneda no era una clase de control cargada.
Línea 1665: la clase CATControls.CATTextBox del control txtCod_UMCompra no era una clase de control cargada.
Línea 1692: la clase CATControls.CATTextBox del control txtGls_UMCompra no era una clase de control cargada.
Línea 1717: la clase CATControls.CATTextBox del control txtCod_UMVenta no era una clase de control cargada.
Línea 1744: la clase CATControls.CATTextBox del control txtGls_UMVenta no era una clase de control cargada.
Línea 1769: la clase CATControls.CATTextBox del control txt_CodFabricante no era una clase de control cargada.
Línea 1797: la clase CATControls.CATTextBox del control txtCod_Rapido no era una clase de control cargada.
Línea 1825: la clase CATControls.CATTextBox del control TxtCod_Grupo no era una clase de control cargada.
Línea 1853: la clase CATControls.CATTextBox del control TxtGls_Grupo no era una clase de control cargada.
Línea 1878: la clase CATControls.CATTextBox del control txtCod_TallaPeso no era una clase de control cargada.
Línea 1907: la clase CATControls.CATTextBox del control txtRep_Stock no era una clase de control cargada.
Línea 1934: la clase CATControls.CATTextBox del control TxtCodDetraccion no era una clase de control cargada.
Línea 1961: la clase CATControls.CATTextBox del control TxtGlsDetraccion no era una clase de control cargada.
Línea 1986: la clase CATControls.CATTextBox del control TxtPorcentajeDetraccion no era una clase de control cargada.
Línea 2014: la clase CATControls.CATTextBox del control TxtStockMinimo no era una clase de control cargada.
Línea 2361: la clase MSComDlg.CommonDialog del control cd no era una clase de control cargada.
Línea 2368: la clase CATControls.CATTextBox del control txtCod_Producto no era una clase de control cargada.
Línea 2425: la clase DXDBGRIDLibCtl.dxDBGrid del control gPresentaciones no era una clase de control cargada.
Línea 2442: la clase DXDBGRIDLibCtl.dxDBGrid del control gAlmacenes no era una clase de control cargada.
Línea 2451: la clase CATControls.CATTextBox del control txtGls_TallaPeso no era una clase de control cargada.
Línea 2477: la clase CATControls.CATTextBox del control TxtIdConceptoCosteo no era una clase de control cargada.
Línea 2504: la clase CATControls.CATTextBox del control TxtGlsConceptoCosteo no era una clase de control cargada.
