Línea 32: la clase MSComctlLib.ImageList del control imgDocVentas no era una clase de control cargada.
Línea 94: la clase CATControls.CATTextBox del control txtGls_TallaPeso no era una clase de control cargada.
Línea 136: la clase CATControls.CATTextBox del control txt_TextoBuscar no era una clase de control cargada.
Línea 184: la clase DXDBGRIDLibCtl.dxDBGrid del control gLista no era una clase de control cargada.
Línea 193: la clase MSComctlLib.Toolbar del control Toolbar1 no era una clase de control cargada.
Línea 263: la clase TabDlg.SSTab del control SSTab1 no era una clase de control cargada.
Línea 365: la clase CATControls.CATTextBox del control txtCod_Nivel no era una clase de control cargada.
Línea 394: la clase CATControls.CATTextBox del control txtGls_Nivel no era una clase de control cargada.
Línea 420: la clase CATControls.CATTextBox del control txtCod_Nivel no era una clase de control cargada.
Línea 449: la clase CATControls.CATTextBox del control txtGls_Nivel no era una clase de control cargada.
Línea 475: la clase CATControls.CATTextBox del control txtCod_Nivel no era una clase de control cargada.
Línea 504: la clase CATControls.CATTextBox del control txtGls_Nivel no era una clase de control cargada.
Línea 530: la clase CATControls.CATTextBox del control txtCod_Nivel no era una clase de control cargada.
Línea 559: la clase CATControls.CATTextBox del control txtGls_Nivel no era una clase de control cargada.
Línea 585: la clase CATControls.CATTextBox del control txtCod_Nivel no era una clase de control cargada.
Línea 614: la clase CATControls.CATTextBox del control txtGls_Nivel no era una clase de control cargada.
Línea 921: la clase CATControls.CATTextBox del control txtVal_VV no era una clase de control cargada.
Línea 950: la clase CATControls.CATTextBox del control txtVal_IGV no era una clase de control cargada.
Línea 980: la clase CATControls.CATTextBox del control txtVal_PV no era una clase de control cargada.
Línea 1009: la clase CATControls.CATTextBox del control TxtDctoListaPrec no era una clase de control cargada.
Línea 1214: la clase CATControls.CATTextBox del control txtGls_Producto no era una clase de control cargada.
Línea 1240: la clase CATControls.CATTextBox del control txtCod_TipoProd no era una clase de control cargada.
Línea 1267: la clase CATControls.CATTextBox del control txtGls_TipoProd no era una clase de control cargada.
Línea 1292: la clase CATControls.CATTextBox del control txtCod_Marca no era una clase de control cargada.
Línea 1319: la clase CATControls.CATTextBox del control txtGls_Marca no era una clase de control cargada.
Línea 1344: la clase CATControls.CATTextBox del control txtCod_Moneda no era una clase de control cargada.
Línea 1371: la clase CATControls.CATTextBox del control txtGls_Moneda no era una clase de control cargada.
Línea 1396: la clase CATControls.CATTextBox del control txtCod_UMCompra no era una clase de control cargada.
Línea 1423: la clase CATControls.CATTextBox del control txtGls_UMCompra no era una clase de control cargada.
Línea 1448: la clase CATControls.CATTextBox del control txtCod_UMVenta no era una clase de control cargada.
Línea 1475: la clase CATControls.CATTextBox del control txtGls_UMVenta no era una clase de control cargada.
Línea 1500: la clase CATControls.CATTextBox del control txt_CodFabricante no era una clase de control cargada.
Línea 1528: la clase CATControls.CATTextBox del control txtCod_Rapido no era una clase de control cargada.
Línea 1556: la clase CATControls.CATTextBox del control TxtCod_Grupo no era una clase de control cargada.
Línea 1585: la clase CATControls.CATTextBox del control TxtGls_Grupo no era una clase de control cargada.
Línea 1611: la clase CATControls.CATTextBox del control txtCod_TallaPeso no era una clase de control cargada.
Línea 1641: la clase CATControls.CATTextBox del control txtRep_Stock no era una clase de control cargada.
Línea 1669: la clase CATControls.CATTextBox del control TxtCodDetraccion no era una clase de control cargada.
Línea 1697: la clase CATControls.CATTextBox del control TxtGlsDetraccion no era una clase de control cargada.
Línea 1723: la clase CATControls.CATTextBox del control TxtPorcentajeDetraccion no era una clase de control cargada.
Línea 1752: la clase CATControls.CATTextBox del control TxtStockMinimo no era una clase de control cargada.
Línea 2107: la clase MSComDlg.CommonDialog del control cd no era una clase de control cargada.
Línea 2114: la clase CATControls.CATTextBox del control txtCod_Producto no era una clase de control cargada.
Línea 2171: la clase DXDBGRIDLibCtl.dxDBGrid del control gPresentaciones no era una clase de control cargada.
Línea 2188: la clase DXDBGRIDLibCtl.dxDBGrid del control gAlmacenes no era una clase de control cargada.
