Línea 30: la clase MSMAPI.MAPISession del control MAPISession1 no era una clase de control cargada.
Línea 40: la clase MSMAPI.MAPIMessages del control MAPIMessages1 no era una clase de control cargada.
Línea 52: la clase MSComctlLib.ImageList del control imgDocVentas no era una clase de control cargada.
Línea 148: la clase DXDBGRIDLibCtl.dxDBGrid del control gDetalle no era una clase de control cargada.
Línea 228: la clase CATControls.CATTextBox del control txtCod_Vale no era una clase de control cargada.
Línea 257: la clase CATControls.CATTextBox del control txtCod_AlmacenOrigen no era una clase de control cargada.
Línea 284: la clase CATControls.CATTextBox del control txtGls_AlmacenOrigen no era una clase de control cargada.
Línea 309: la clase CATControls.CATTextBox del control txtCod_AlmacenDestino no era una clase de control cargada.
Línea 336: la clase CATControls.CATTextBox del control txtGls_AlmacenDestino no era una clase de control cargada.
Línea 361: la clase CATControls.CATTextBox del control txtObs no era una clase de control cargada.
Línea 389: la clase MSComCtl2.DTPicker del control dtp_Emision no era una clase de control cargada.
Línea 411: la clase CATControls.CATTextBox del control txtNum_ValeIngreso no era una clase de control cargada.
Línea 438: la clase CATControls.CATTextBox del control txtNum_ValeSalida no era una clase de control cargada.
Línea 465: la clase CATControls.CATTextBox del control txtCod_Moneda no era una clase de control cargada.
Línea 492: la clase CATControls.CATTextBox del control txtGls_Moneda no era una clase de control cargada.
Línea 517: la clase DXDBGRIDLibCtl.dxDBGrid del control gDocReferencia no era una clase de control cargada.
Línea 660: la clase DXDBGRIDLibCtl.dxDBGrid del control gLista no era una clase de control cargada.
Línea 668: la clase DXDBGRIDLibCtl.dxDBGrid del control gListaDetalle no era una clase de control cargada.
Línea 703: la clase CATControls.CATTextBox del control txt_TextoBuscar no era una clase de control cargada.
Línea 731: la clase CATControls.CATTextBox del control txt_Ano no era una clase de control cargada.
Línea 794: la clase MSComctlLib.Toolbar del control Toolbar1 no era una clase de control cargada.
