Línea 38: la clase CATControls.CATTextBox del control txt_TotalBruto no era una clase de control cargada.
Línea 69: la clase CATControls.CATTextBox del control txt_TotalIGV no era una clase de control cargada.
Línea 100: la clase CATControls.CATTextBox del control txt_TotalNeto no era una clase de control cargada.
Línea 131: la clase CATControls.CATTextBox del control txt_DocReferencia no era una clase de control cargada.
Línea 161: la clase CATControls.CATTextBox del control TxtTotalPeso no era una clase de control cargada.
Línea 328: la clase MSComctlLib.ImageList del control imgDocVentas no era una clase de control cargada.
Línea 425: la clase CATControls.CATTextBox del control txtGls_usuario no era una clase de control cargada.
Línea 496: la clase CATControls.CATTextBox del control txtCod_Vale no era una clase de control cargada.
Línea 525: la clase CATControls.CATTextBox del control txtCod_Concepto no era una clase de control cargada.
Línea 552: la clase CATControls.CATTextBox del control txtGls_Concepto no era una clase de control cargada.
Línea 576: la clase CATControls.CATTextBox del control txtCod_Moneda no era una clase de control cargada.
Línea 603: la clase CATControls.CATTextBox del control txtGls_Moneda no era una clase de control cargada.
Línea 627: la clase CATControls.CATTextBox del control txtCod_Almacen no era una clase de control cargada.
Línea 654: la clase CATControls.CATTextBox del control txtGls_Almacen no era una clase de control cargada.
Línea 678: la clase CATControls.CATTextBox del control txtCod_Cliente no era una clase de control cargada.
Línea 706: la clase CATControls.CATTextBox del control txtGls_Cliente no era una clase de control cargada.
Línea 731: la clase CATControls.CATTextBox del control txtObs no era una clase de control cargada.
Línea 759: la clase MSComCtl2.DTPicker del control dtp_Emision no era una clase de control cargada.
Línea 781: la clase DXDBGRIDLibCtl.dxDBGrid del control gDocReferencia no era una clase de control cargada.
Línea 789: la clase CATControls.CATTextBox del control txt_TipoCambio no era una clase de control cargada.
Línea 818: la clase CATControls.CATTextBox del control txtCod_CentroCosto no era una clase de control cargada.
Línea 847: la clase CATControls.CATTextBox del control txtGls_CentroCosto no era una clase de control cargada.
Línea 873: la clase CATControls.CATTextBox del control txtCod_AlmacenTrans no era una clase de control cargada.
Línea 902: la clase CATControls.CATTextBox del control txtGls_AlmacenTrans no era una clase de control cargada.
Línea 928: la clase CATControls.CATTextBox del control txtCod_usuario no era una clase de control cargada.
Línea 1197: la clase DXDBGRIDLibCtl.dxDBGrid del control gDetalle no era una clase de control cargada.
Línea 1242: la clase CATControls.CATTextBox del control txt_TextoBuscar no era una clase de control cargada.
Línea 1269: la clase CATControls.CATTextBox del control txt_Ano no era una clase de control cargada.
Línea 1357: la clase DXDBGRIDLibCtl.dxDBGrid del control gLista no era una clase de control cargada.
Línea 1365: la clase DXDBGRIDLibCtl.dxDBGrid del control gListaDetalle no era una clase de control cargada.
Línea 1374: la clase MSComctlLib.Toolbar del control Toolbar1 no era una clase de control cargada.
